<?xml version="1.0" encoding="UTF-8"?>
<!-- Generated by org.testng.reporters.JUnitReportReporter -->
<testsuite skipped="0" hostname="DESKTOP-H804N15" name="cucumberpracticeProject.TestRunner.TestRunner" tests="4" failures="0" timestamp="15 Jul 2021 11:06:03 GMT" time="908.273" errors="0">
  <testcase name="runScenario" time="228.455" classname="cucumberpracticeProject.TestRunner.TestRunner"/>
  <testcase name="runScenario" time="226.606" classname="cucumberpracticeProject.TestRunner.TestRunner"/>
  <testcase name="runScenario" time="226.606" classname="cucumberpracticeProject.TestRunner.TestRunner"/>
  <testcase name="runScenario" time="226.606" classname="cucumberpracticeProject.TestRunner.TestRunner"/>
</testsuite> <!-- cucumberpracticeProject.TestRunner.TestRunner -->
